2024-07-02 10:55:07.007 [info] Extension host with pid 1844916 started
2024-07-02 10:55:07.013 [info] Lock '/home/ka9vt/.vscode-server/data/User/workspaceStorage/727358fdf05e142851a66c3f14186d18/vscode.lock': Lock acquired.
2024-07-02 10:55:07.507 [info] ExtensionService#_doActivateExtension ms-python.python, startup: false, activationEvent: 'onLanguage:python', root cause: ms-python.debugpy
2024-07-02 10:55:07.508 [info] ExtensionService#_doActivateExtension vscode.emmet, startup: false, activationEvent: 'onLanguage'
2024-07-02 10:55:08.457 [info] ExtensionService#_doActivateExtension ms-python.debugpy, startup: false, activationEvent: 'onLanguage:python'
2024-07-02 10:55:08.457 [info] ExtensionService#_doActivateExtension ms-python.vscode-pylance, startup: false, activationEvent: 'onLanguage:python'
2024-07-02 10:55:08.755 [info] ExtensionService#_doActivateExtension vscode.git-base, startup: true, activationEvent: '*', root cause: vscode.git
2024-07-02 10:55:08.832 [info] ExtensionService#_doActivateExtension vscode.git, startup: true, activationEvent: '*'
2024-07-02 10:55:08.832 [info] ExtensionService#_doActivateExtension vscode.github, startup: true, activationEvent: '*'
2024-07-02 10:55:09.060 [info] Eager extensions activated
2024-07-02 10:55:09.060 [info] ExtensionService#_doActivateExtension vscode.debug-auto-launch, startup: false, activationEvent: 'onStartupFinished'
2024-07-02 10:55:09.060 [info] ExtensionService#_doActivateExtension vscode.merge-conflict, startup: false, activationEvent: 'onStartupFinished'
2024-07-02 10:55:09.887 [info] ExtensionService#_doActivateExtension mechatroner.rainbow-csv, startup: false, activationEvent: 'onLanguage:plaintext'
2024-07-02 10:55:18.457 [info] ExtensionService#_doActivateExtension vscode.npm, startup: false, activationEvent: 'onTerminalQuickFixRequest:ms-vscode.npm-command'
2024-07-02 11:08:04.144 [info] ExtensionService#_doActivateExtension vscode.extension-editing, startup: false, activationEvent: 'onLanguage:json'
2024-07-02 11:08:04.144 [info] ExtensionService#_doActivateExtension vscode.json-language-features, startup: false, activationEvent: 'onLanguage:json'
2024-07-02 15:20:05.133 [info] Extension host terminating: renderer disconnected for too long (1)
2024-07-02 15:20:05.133 [info] Lock '/home/ka9vt/.vscode-server/data/User/workspaceStorage/727358fdf05e142851a66c3f14186d18/vscode.lock': Marking the lockfile as scheduled to be released in 6000 ms.
2024-07-02 15:20:05.171 [error] Canceled: Canceled
	at new A (/home/ka9vt/.vscode-server/cli/servers/Stable-5437499feb04f7a586f677b155b039bc2b3669eb/server/out/vs/workbench/api/node/extensionHostProcess.js:145:50615)
	at E.U (/home/ka9vt/.vscode-server/cli/servers/Stable-5437499feb04f7a586f677b155b039bc2b3669eb/server/out/vs/workbench/api/node/extensionHostProcess.js:152:6007)
	at z.<computed>.M.charCodeAt.R.CharCode.DollarSign.z.<computed> (/home/ka9vt/.vscode-server/cli/servers/Stable-5437499feb04f7a586f677b155b039bc2b3669eb/server/out/vs/workbench/api/node/extensionHostProcess.js:152:3091)
	at h.g (/home/ka9vt/.vscode-server/cli/servers/Stable-5437499feb04f7a586f677b155b039bc2b3669eb/server/out/vs/workbench/api/node/extensionHostProcess.js:155:199935)
	at h.executeCommand (/home/ka9vt/.vscode-server/cli/servers/Stable-5437499feb04f7a586f677b155b039bc2b3669eb/server/out/vs/workbench/api/node/extensionHostProcess.js:155:199373)
	at I.registerCommand.description (/home/ka9vt/.vscode-server/cli/servers/Stable-5437499feb04f7a586f677b155b039bc2b3669eb/server/out/vs/workbench/api/node/extensionHostProcess.js:155:198697)
	at h (/home/ka9vt/.vscode-server/cli/servers/Stable-5437499feb04f7a586f677b155b039bc2b3669eb/server/out/vs/workbench/api/node/extensionHostProcess.js:155:200474)
	at h.g (/home/ka9vt/.vscode-server/cli/servers/Stable-5437499feb04f7a586f677b155b039bc2b3669eb/server/out/vs/workbench/api/node/extensionHostProcess.js:155:199466)
	at h.executeCommand (/home/ka9vt/.vscode-server/cli/servers/Stable-5437499feb04f7a586f677b155b039bc2b3669eb/server/out/vs/workbench/api/node/extensionHostProcess.js:155:199373)
	at Object.executeCommand (/home/ka9vt/.vscode-server/cli/servers/Stable-5437499feb04f7a586f677b155b039bc2b3669eb/server/out/vs/workbench/api/node/extensionHostProcess.js:165:22742)
	at n.O [as value] (/home/ka9vt/.vscode-server/cli/servers/Stable-5437499feb04f7a586f677b155b039bc2b3669eb/server/extensions/git/dist/main.js:2:945191)
	at l.y (/home/ka9vt/.vscode-server/cli/servers/Stable-5437499feb04f7a586f677b155b039bc2b3669eb/server/out/vs/workbench/api/node/extensionHostProcess.js:82:664)
	at l.z (/home/ka9vt/.vscode-server/cli/servers/Stable-5437499feb04f7a586f677b155b039bc2b3669eb/server/out/vs/workbench/api/node/extensionHostProcess.js:82:734)
	at l.fire (/home/ka9vt/.vscode-server/cli/servers/Stable-5437499feb04f7a586f677b155b039bc2b3669eb/server/out/vs/workbench/api/node/extensionHostProcess.js:82:950)
	at Object.p [as dispose] (/home/ka9vt/.vscode-server/cli/servers/Stable-5437499feb04f7a586f677b155b039bc2b3669eb/server/extensions/git/dist/main.js:2:964275)
	at /home/ka9vt/.vscode-server/cli/servers/Stable-5437499feb04f7a586f677b155b039bc2b3669eb/server/extensions/git/dist/main.js:2:970313
	at Array.forEach (<anonymous>)
	at f.dispose (/home/ka9vt/.vscode-server/cli/servers/Stable-5437499feb04f7a586f677b155b039bc2b3669eb/server/extensions/git/dist/main.js:2:970299)
	at a.<anonymous> (/home/ka9vt/.vscode-server/cli/servers/Stable-5437499feb04f7a586f677b155b039bc2b3669eb/server/out/vs/workbench/api/node/extensionHostProcess.js:153:4032)
	at a.dispose (/home/ka9vt/.vscode-server/cli/servers/Stable-5437499feb04f7a586f677b155b039bc2b3669eb/server/out/vs/workbench/api/node/extensionHostProcess.js:153:4129)
	at a.<anonymous> (/home/ka9vt/.vscode-server/cli/servers/Stable-5437499feb04f7a586f677b155b039bc2b3669eb/server/extensions/git/dist/main.js:2:947448)
	at a.dispose (/home/ka9vt/.vscode-server/cli/servers/Stable-5437499feb04f7a586f677b155b039bc2b3669eb/server/out/vs/workbench/api/node/extensionHostProcess.js:153:4129)
	at f (/home/ka9vt/.vscode-server/cli/servers/Stable-5437499feb04f7a586f677b155b039bc2b3669eb/server/out/vs/workbench/api/node/extensionHostProcess.js:30:744)
	at u.eb (/home/ka9vt/.vscode-server/cli/servers/Stable-5437499feb04f7a586f677b155b039bc2b3669eb/server/out/vs/workbench/api/node/extensionHostProcess.js:161:9991)
	at /home/ka9vt/.vscode-server/cli/servers/Stable-5437499feb04f7a586f677b155b039bc2b3669eb/server/out/vs/workbench/api/node/extensionHostProcess.js:161:7867
	at Array.map (<anonymous>)
	at u.$ (/home/ka9vt/.vscode-server/cli/servers/Stable-5437499feb04f7a586f677b155b039bc2b3669eb/server/out/vs/workbench/api/node/extensionHostProcess.js:161:7854)
	at u.terminate (/home/ka9vt/.vscode-server/cli/servers/Stable-5437499feb04f7a586f677b155b039bc2b3669eb/server/out/vs/workbench/api/node/extensionHostProcess.js:161:8127)
	at f.terminate (/home/ka9vt/.vscode-server/cli/servers/Stable-5437499feb04f7a586f677b155b039bc2b3669eb/server/out/vs/workbench/api/node/extensionHostProcess.js:165:1513)
	at t (/home/ka9vt/.vscode-server/cli/servers/Stable-5437499feb04f7a586f677b155b039bc2b3669eb/server/out/vs/workbench/api/node/extensionHostProcess.js:178:10459)
	at M.a (/home/ka9vt/.vscode-server/cli/servers/Stable-5437499feb04f7a586f677b155b039bc2b3669eb/server/out/vs/workbench/api/node/extensionHostProcess.js:178:7088)
	at M.h (/home/ka9vt/.vscode-server/cli/servers/Stable-5437499feb04f7a586f677b155b039bc2b3669eb/server/out/vs/workbench/api/node/extensionHostProcess.js:99:21182)
	at listOnTimeout (node:internal/timers:573:17)
	at process.processTimers (node:internal/timers:514:7) setContext undefined
2024-07-02 15:20:05.172 [error] Canceled: Canceled
	at new A (/home/ka9vt/.vscode-server/cli/servers/Stable-5437499feb04f7a586f677b155b039bc2b3669eb/server/out/vs/workbench/api/node/extensionHostProcess.js:145:50615)
	at E.U (/home/ka9vt/.vscode-server/cli/servers/Stable-5437499feb04f7a586f677b155b039bc2b3669eb/server/out/vs/workbench/api/node/extensionHostProcess.js:152:6007)
	at z.<computed>.M.charCodeAt.R.CharCode.DollarSign.z.<computed> (/home/ka9vt/.vscode-server/cli/servers/Stable-5437499feb04f7a586f677b155b039bc2b3669eb/server/out/vs/workbench/api/node/extensionHostProcess.js:152:3091)
	at h.g (/home/ka9vt/.vscode-server/cli/servers/Stable-5437499feb04f7a586f677b155b039bc2b3669eb/server/out/vs/workbench/api/node/extensionHostProcess.js:155:199935)
	at h.executeCommand (/home/ka9vt/.vscode-server/cli/servers/Stable-5437499feb04f7a586f677b155b039bc2b3669eb/server/out/vs/workbench/api/node/extensionHostProcess.js:155:199373)
	at I.registerCommand.description (/home/ka9vt/.vscode-server/cli/servers/Stable-5437499feb04f7a586f677b155b039bc2b3669eb/server/out/vs/workbench/api/node/extensionHostProcess.js:155:198697)
	at h (/home/ka9vt/.vscode-server/cli/servers/Stable-5437499feb04f7a586f677b155b039bc2b3669eb/server/out/vs/workbench/api/node/extensionHostProcess.js:155:200474)
	at h.g (/home/ka9vt/.vscode-server/cli/servers/Stable-5437499feb04f7a586f677b155b039bc2b3669eb/server/out/vs/workbench/api/node/extensionHostProcess.js:155:199466)
	at h.executeCommand (/home/ka9vt/.vscode-server/cli/servers/Stable-5437499feb04f7a586f677b155b039bc2b3669eb/server/out/vs/workbench/api/node/extensionHostProcess.js:155:199373)
	at Object.executeCommand (/home/ka9vt/.vscode-server/cli/servers/Stable-5437499feb04f7a586f677b155b039bc2b3669eb/server/out/vs/workbench/api/node/extensionHostProcess.js:165:22742)
	at n.O [as value] (/home/ka9vt/.vscode-server/cli/servers/Stable-5437499feb04f7a586f677b155b039bc2b3669eb/server/extensions/git/dist/main.js:2:945191)
	at l.y (/home/ka9vt/.vscode-server/cli/servers/Stable-5437499feb04f7a586f677b155b039bc2b3669eb/server/out/vs/workbench/api/node/extensionHostProcess.js:82:664)
	at l.z (/home/ka9vt/.vscode-server/cli/servers/Stable-5437499feb04f7a586f677b155b039bc2b3669eb/server/out/vs/workbench/api/node/extensionHostProcess.js:82:734)
	at l.fire (/home/ka9vt/.vscode-server/cli/servers/Stable-5437499feb04f7a586f677b155b039bc2b3669eb/server/out/vs/workbench/api/node/extensionHostProcess.js:82:950)
	at Object.p [as dispose] (/home/ka9vt/.vscode-server/cli/servers/Stable-5437499feb04f7a586f677b155b039bc2b3669eb/server/extensions/git/dist/main.js:2:964275)
	at /home/ka9vt/.vscode-server/cli/servers/Stable-5437499feb04f7a586f677b155b039bc2b3669eb/server/extensions/git/dist/main.js:2:970313
	at Array.forEach (<anonymous>)
	at f.dispose (/home/ka9vt/.vscode-server/cli/servers/Stable-5437499feb04f7a586f677b155b039bc2b3669eb/server/extensions/git/dist/main.js:2:970299)
	at a.<anonymous> (/home/ka9vt/.vscode-server/cli/servers/Stable-5437499feb04f7a586f677b155b039bc2b3669eb/server/out/vs/workbench/api/node/extensionHostProcess.js:153:4032)
	at a.dispose (/home/ka9vt/.vscode-server/cli/servers/Stable-5437499feb04f7a586f677b155b039bc2b3669eb/server/out/vs/workbench/api/node/extensionHostProcess.js:153:4129)
	at a.<anonymous> (/home/ka9vt/.vscode-server/cli/servers/Stable-5437499feb04f7a586f677b155b039bc2b3669eb/server/extensions/git/dist/main.js:2:947448)
	at a.dispose (/home/ka9vt/.vscode-server/cli/servers/Stable-5437499feb04f7a586f677b155b039bc2b3669eb/server/out/vs/workbench/api/node/extensionHostProcess.js:153:4129)
	at f (/home/ka9vt/.vscode-server/cli/servers/Stable-5437499feb04f7a586f677b155b039bc2b3669eb/server/out/vs/workbench/api/node/extensionHostProcess.js:30:744)
	at u.eb (/home/ka9vt/.vscode-server/cli/servers/Stable-5437499feb04f7a586f677b155b039bc2b3669eb/server/out/vs/workbench/api/node/extensionHostProcess.js:161:9991)
	at /home/ka9vt/.vscode-server/cli/servers/Stable-5437499feb04f7a586f677b155b039bc2b3669eb/server/out/vs/workbench/api/node/extensionHostProcess.js:161:7867
	at Array.map (<anonymous>)
	at u.$ (/home/ka9vt/.vscode-server/cli/servers/Stable-5437499feb04f7a586f677b155b039bc2b3669eb/server/out/vs/workbench/api/node/extensionHostProcess.js:161:7854)
	at u.terminate (/home/ka9vt/.vscode-server/cli/servers/Stable-5437499feb04f7a586f677b155b039bc2b3669eb/server/out/vs/workbench/api/node/extensionHostProcess.js:161:8127)
	at f.terminate (/home/ka9vt/.vscode-server/cli/servers/Stable-5437499feb04f7a586f677b155b039bc2b3669eb/server/out/vs/workbench/api/node/extensionHostProcess.js:165:1513)
	at t (/home/ka9vt/.vscode-server/cli/servers/Stable-5437499feb04f7a586f677b155b039bc2b3669eb/server/out/vs/workbench/api/node/extensionHostProcess.js:178:10459)
	at M.a (/home/ka9vt/.vscode-server/cli/servers/Stable-5437499feb04f7a586f677b155b039bc2b3669eb/server/out/vs/workbench/api/node/extensionHostProcess.js:178:7088)
	at M.h (/home/ka9vt/.vscode-server/cli/servers/Stable-5437499feb04f7a586f677b155b039bc2b3669eb/server/out/vs/workbench/api/node/extensionHostProcess.js:99:21182)
	at listOnTimeout (node:internal/timers:573:17)
	at process.processTimers (node:internal/timers:514:7) setContext undefined
2024-07-02 15:20:05.172 [error] Canceled: Canceled
	at new A (/home/ka9vt/.vscode-server/cli/servers/Stable-5437499feb04f7a586f677b155b039bc2b3669eb/server/out/vs/workbench/api/node/extensionHostProcess.js:145:50615)
	at E.U (/home/ka9vt/.vscode-server/cli/servers/Stable-5437499feb04f7a586f677b155b039bc2b3669eb/server/out/vs/workbench/api/node/extensionHostProcess.js:152:6007)
	at z.<computed>.M.charCodeAt.R.CharCode.DollarSign.z.<computed> (/home/ka9vt/.vscode-server/cli/servers/Stable-5437499feb04f7a586f677b155b039bc2b3669eb/server/out/vs/workbench/api/node/extensionHostProcess.js:152:3091)
	at h.g (/home/ka9vt/.vscode-server/cli/servers/Stable-5437499feb04f7a586f677b155b039bc2b3669eb/server/out/vs/workbench/api/node/extensionHostProcess.js:155:199935)
	at h.executeCommand (/home/ka9vt/.vscode-server/cli/servers/Stable-5437499feb04f7a586f677b155b039bc2b3669eb/server/out/vs/workbench/api/node/extensionHostProcess.js:155:199373)
	at I.registerCommand.description (/home/ka9vt/.vscode-server/cli/servers/Stable-5437499feb04f7a586f677b155b039bc2b3669eb/server/out/vs/workbench/api/node/extensionHostProcess.js:155:198697)
	at h (/home/ka9vt/.vscode-server/cli/servers/Stable-5437499feb04f7a586f677b155b039bc2b3669eb/server/out/vs/workbench/api/node/extensionHostProcess.js:155:200474)
	at h.g (/home/ka9vt/.vscode-server/cli/servers/Stable-5437499feb04f7a586f677b155b039bc2b3669eb/server/out/vs/workbench/api/node/extensionHostProcess.js:155:199466)
	at h.executeCommand (/home/ka9vt/.vscode-server/cli/servers/Stable-5437499feb04f7a586f677b155b039bc2b3669eb/server/out/vs/workbench/api/node/extensionHostProcess.js:155:199373)
	at Object.executeCommand (/home/ka9vt/.vscode-server/cli/servers/Stable-5437499feb04f7a586f677b155b039bc2b3669eb/server/out/vs/workbench/api/node/extensionHostProcess.js:165:22742)
	at set hasGitHubRepositories [as hasGitHubRepositories] (/home/ka9vt/.vscode-server/cli/servers/Stable-5437499feb04f7a586f677b155b039bc2b3669eb/server/extensions/github/dist/extension.js:2:322969)
	at /home/ka9vt/.vscode-server/cli/servers/Stable-5437499feb04f7a586f677b155b039bc2b3669eb/server/extensions/github/dist/extension.js:2:323928
	at n.value (/home/ka9vt/.vscode-server/cli/servers/Stable-5437499feb04f7a586f677b155b039bc2b3669eb/server/extensions/git/dist/main.js:2:1050764)
	at l.y (/home/ka9vt/.vscode-server/cli/servers/Stable-5437499feb04f7a586f677b155b039bc2b3669eb/server/out/vs/workbench/api/node/extensionHostProcess.js:82:664)
	at l.z (/home/ka9vt/.vscode-server/cli/servers/Stable-5437499feb04f7a586f677b155b039bc2b3669eb/server/out/vs/workbench/api/node/extensionHostProcess.js:82:734)
	at l.fire (/home/ka9vt/.vscode-server/cli/servers/Stable-5437499feb04f7a586f677b155b039bc2b3669eb/server/out/vs/workbench/api/node/extensionHostProcess.js:82:950)
	at Object.p [as dispose] (/home/ka9vt/.vscode-server/cli/servers/Stable-5437499feb04f7a586f677b155b039bc2b3669eb/server/extensions/git/dist/main.js:2:964275)
	at /home/ka9vt/.vscode-server/cli/servers/Stable-5437499feb04f7a586f677b155b039bc2b3669eb/server/extensions/git/dist/main.js:2:970313
	at Array.forEach (<anonymous>)
	at f.dispose (/home/ka9vt/.vscode-server/cli/servers/Stable-5437499feb04f7a586f677b155b039bc2b3669eb/server/extensions/git/dist/main.js:2:970299)
	at a.<anonymous> (/home/ka9vt/.vscode-server/cli/servers/Stable-5437499feb04f7a586f677b155b039bc2b3669eb/server/out/vs/workbench/api/node/extensionHostProcess.js:153:4032)
	at a.dispose (/home/ka9vt/.vscode-server/cli/servers/Stable-5437499feb04f7a586f677b155b039bc2b3669eb/server/out/vs/workbench/api/node/extensionHostProcess.js:153:4129)
	at a.<anonymous> (/home/ka9vt/.vscode-server/cli/servers/Stable-5437499feb04f7a586f677b155b039bc2b3669eb/server/extensions/git/dist/main.js:2:947448)
	at a.dispose (/home/ka9vt/.vscode-server/cli/servers/Stable-5437499feb04f7a586f677b155b039bc2b3669eb/server/out/vs/workbench/api/node/extensionHostProcess.js:153:4129)
	at f (/home/ka9vt/.vscode-server/cli/servers/Stable-5437499feb04f7a586f677b155b039bc2b3669eb/server/out/vs/workbench/api/node/extensionHostProcess.js:30:744)
	at u.eb (/home/ka9vt/.vscode-server/cli/servers/Stable-5437499feb04f7a586f677b155b039bc2b3669eb/server/out/vs/workbench/api/node/extensionHostProcess.js:161:9991)
	at /home/ka9vt/.vscode-server/cli/servers/Stable-5437499feb04f7a586f677b155b039bc2b3669eb/server/out/vs/workbench/api/node/extensionHostProcess.js:161:7867
	at Array.map (<anonymous>)
	at u.$ (/home/ka9vt/.vscode-server/cli/servers/Stable-5437499feb04f7a586f677b155b039bc2b3669eb/server/out/vs/workbench/api/node/extensionHostProcess.js:161:7854)
	at u.terminate (/home/ka9vt/.vscode-server/cli/servers/Stable-5437499feb04f7a586f677b155b039bc2b3669eb/server/out/vs/workbench/api/node/extensionHostProcess.js:161:8127)
	at f.terminate (/home/ka9vt/.vscode-server/cli/servers/Stable-5437499feb04f7a586f677b155b039bc2b3669eb/server/out/vs/workbench/api/node/extensionHostProcess.js:165:1513)
	at t (/home/ka9vt/.vscode-server/cli/servers/Stable-5437499feb04f7a586f677b155b039bc2b3669eb/server/out/vs/workbench/api/node/extensionHostProcess.js:178:10459)
	at M.a (/home/ka9vt/.vscode-server/cli/servers/Stable-5437499feb04f7a586f677b155b039bc2b3669eb/server/out/vs/workbench/api/node/extensionHostProcess.js:178:7088)
	at M.h (/home/ka9vt/.vscode-server/cli/servers/Stable-5437499feb04f7a586f677b155b039bc2b3669eb/server/out/vs/workbench/api/node/extensionHostProcess.js:99:21182)
	at listOnTimeout (node:internal/timers:573:17)
	at process.processTimers (node:internal/timers:514:7) setContext undefined
2024-07-02 15:20:05.176 [info] Extension host with pid 1844916 exiting with code 0
