2024-06-26 02:33:43.385 [info] (Client) Pylance async client (2024.6.1) started with python extension (2024.8.1)
2024-06-26 02:33:43.761 [info] [Info  - 2:33:43 AM] (329701) Pylance language server 2024.6.1 (pyright version 1.1.364, commit 0618acc5) starting
2024-06-26 02:33:43.761 [info] [Info  - 2:33:43 AM] (329701) Server root directory: file:///home/ka9vt/.vscode-server/extensions/ms-python.vscode-pylance-2024.6.1/dist
2024-06-26 02:33:43.762 [info] [Info  - 2:33:43 AM] (329701) Starting service instance "Projects"
2024-06-26 02:33:43.779 [info] Auto-Indent enabled
2024-06-26 02:33:43.796 [info] Auto-Indent enabled
2024-06-26 02:33:43.797 [info] [Info  - 2:33:43 AM] (329701) Setting pythonPath for service "Projects": "/bin/python3.11"
2024-06-26 02:33:43.797 [info] [Info  - 2:33:43 AM] (329701) Setting environmentName for service "Projects": "3.11.5 (global)"
2024-06-26 02:33:43.821 [info] [Info  - 2:33:43 AM] (329701) Assuming Python version 3.11.5.final.0
2024-06-26 02:33:43.897 [info] [Info  - 2:33:43 AM] (329701) Found 160 source files
2024-06-26 02:33:43.900 [info] Auto-Indent enabled
2024-06-26 02:33:44.150 [info] [Info  - 2:33:44 AM] (329701) Background analysis(1) root directory: file:///home/ka9vt/.vscode-server/extensions/ms-python.vscode-pylance-2024.6.1/dist
2024-06-26 02:33:44.150 [info] [Info  - 2:33:44 AM] (329701) Background analysis(1) started
2024-06-26 02:33:44.303 [info] [Info  - 2:33:44 AM] (329701) Indexer background runner(2) root directory: file:///home/ka9vt/.vscode-server/extensions/ms-python.vscode-pylance-2024.6.1/dist (index)
2024-06-26 02:33:44.303 [info] [Info  - 2:33:44 AM] (329701) Indexing(2) started
2024-06-26 02:33:44.588 [info] [Info  - 2:33:44 AM] (329701) scanned(2) 11 files over 1 exec env
2024-06-26 02:33:44.901 [info] [Info  - 2:33:44 AM] (329701) indexed(2) 2 files over 1 exec env
2024-06-26 02:33:44.919 [info] [Info  - 2:33:44 AM] (329701) Indexing finished(2).
2024-06-26 02:34:09.907 [info] [Info  - 2:34:09 AM] (329701) Found 161 source files
2024-06-26 02:36:17.391 [info] [Info  - 2:36:17 AM] Server process exited successfully
2024-06-26 02:36:18.268 [info] (Client) Pylance async client (2024.6.1) started with python extension (2024.8.1)
2024-06-26 02:36:18.619 [info] [Info  - 2:36:18 AM] (330143) Pylance language server 2024.6.1 (pyright version 1.1.364, commit 0618acc5) starting
2024-06-26 02:36:18.619 [info] [Info  - 2:36:18 AM] (330143) Server root directory: file:///home/ka9vt/.vscode-server/extensions/ms-python.vscode-pylance-2024.6.1/dist
2024-06-26 02:36:18.627 [info] [Info  - 2:36:18 AM] (330143) Starting service instance "Projects"
2024-06-26 02:36:18.639 [info] Auto-Indent enabled
2024-06-26 02:36:18.649 [info] Auto-Indent enabled
2024-06-26 02:36:18.650 [info] [Info  - 2:36:18 AM] (330143) Setting pythonPath for service "Projects": "/bin/python3.11"
2024-06-26 02:36:18.651 [info] [Info  - 2:36:18 AM] (330143) Setting environmentName for service "Projects": "3.11.5 (global)"
2024-06-26 02:36:18.674 [info] [Info  - 2:36:18 AM] (330143) Assuming Python version 3.11.5.final.0
2024-06-26 02:36:18.749 [info] [Info  - 2:36:18 AM] (330143) Found 161 source files
2024-06-26 02:36:18.752 [info] Auto-Indent enabled
2024-06-26 02:36:19.002 [info] [Info  - 2:36:19 AM] (330143) Background analysis(1) root directory: file:///home/ka9vt/.vscode-server/extensions/ms-python.vscode-pylance-2024.6.1/dist
2024-06-26 02:36:19.004 [info] [Info  - 2:36:19 AM] (330143) Background analysis(1) started
2024-06-26 02:36:19.129 [info] [Info  - 2:36:19 AM] (330143) Indexer background runner(2) root directory: file:///home/ka9vt/.vscode-server/extensions/ms-python.vscode-pylance-2024.6.1/dist (index)
2024-06-26 02:36:19.129 [info] [Info  - 2:36:19 AM] (330143) Indexing(2) started
2024-06-26 02:36:19.406 [info] [Info  - 2:36:19 AM] (330143) scanned(2) 11 files over 1 exec env
2024-06-26 02:36:19.638 [info] [Info  - 2:36:19 AM] (330143) indexed(2) 2 files over 1 exec env
2024-06-26 02:36:19.659 [info] [Info  - 2:36:19 AM] (330143) Indexing finished(2).
