2024-06-21 14:19:59.887 [info] Log level: Info
2024-06-21 14:19:59.887 [info] Validating found git in: "git"
2024-06-21 14:19:59.887 [info] Using git "2.39.3" from "git"
2024-06-21 14:19:59.887 [info] > git rev-parse --show-toplevel [3ms]
2024-06-21 14:19:59.887 [info] fatal: not a git repository (or any parent up to mount point /)
Stopping at filesystem boundary (GIT_DISCOVERY_ACROSS_FILESYSTEM not set).
2024-06-21 14:19:59.887 [info] > git rev-parse --show-toplevel [27ms]
2024-06-21 14:19:59.887 [info] fatal: not a git repository (or any parent up to mount point /)
Stopping at filesystem boundary (GIT_DISCOVERY_ACROSS_FILESYSTEM not set).
2024-06-21 14:19:59.892 [info] > git rev-parse --show-toplevel [2ms]
2024-06-21 14:19:59.892 [info] fatal: not a git repository (or any parent up to mount point /)
Stopping at filesystem boundary (GIT_DISCOVERY_ACROSS_FILESYSTEM not set).
2024-06-21 14:38:05.456 [info] > git rev-parse --show-toplevel [2ms]
2024-06-21 14:38:05.456 [info] fatal: not a git repository (or any parent up to mount point /)
Stopping at filesystem boundary (GIT_DISCOVERY_ACROSS_FILESYSTEM not set).
2024-06-21 14:41:31.653 [info] > git rev-parse --show-toplevel [2ms]
2024-06-21 14:41:31.653 [info] fatal: not a git repository (or any parent up to mount point /)
Stopping at filesystem boundary (GIT_DISCOVERY_ACROSS_FILESYSTEM not set).
2024-06-21 14:41:42.210 [info] > git rev-parse --show-toplevel [2ms]
2024-06-21 14:41:42.210 [info] fatal: not a git repository (or any parent up to mount point /)
Stopping at filesystem boundary (GIT_DISCOVERY_ACROSS_FILESYSTEM not set).
2024-06-21 14:42:16.386 [info] > git rev-parse --show-toplevel [1ms]
2024-06-21 14:42:16.386 [info] fatal: not a git repository (or any parent up to mount point /)
Stopping at filesystem boundary (GIT_DISCOVERY_ACROSS_FILESYSTEM not set).
2024-06-21 14:42:20.044 [info] > git rev-parse --show-toplevel [2ms]
2024-06-21 14:42:20.044 [info] fatal: not a git repository (or any parent up to mount point /)
Stopping at filesystem boundary (GIT_DISCOVERY_ACROSS_FILESYSTEM not set).
2024-06-21 14:42:56.180 [info] > git rev-parse --show-toplevel [1ms]
2024-06-21 14:42:56.180 [info] fatal: not a git repository (or any parent up to mount point /)
Stopping at filesystem boundary (GIT_DISCOVERY_ACROSS_FILESYSTEM not set).
2024-06-21 14:43:23.222 [info] > git rev-parse --show-toplevel [2ms]
2024-06-21 14:43:23.222 [info] fatal: not a git repository (or any parent up to mount point /)
Stopping at filesystem boundary (GIT_DISCOVERY_ACROSS_FILESYSTEM not set).
2024-06-21 14:43:42.742 [info] > git rev-parse --show-toplevel [1ms]
2024-06-21 14:43:42.742 [info] fatal: not a git repository (or any parent up to mount point /)
Stopping at filesystem boundary (GIT_DISCOVERY_ACROSS_FILESYSTEM not set).
2024-06-21 14:44:56.857 [info] > git rev-parse --show-toplevel [2ms]
2024-06-21 14:44:56.857 [info] fatal: not a git repository (or any parent up to mount point /)
Stopping at filesystem boundary (GIT_DISCOVERY_ACROSS_FILESYSTEM not set).
2024-06-21 14:48:21.062 [info] > git rev-parse --show-toplevel [1ms]
2024-06-21 14:48:21.062 [info] fatal: not a git repository (or any parent up to mount point /)
Stopping at filesystem boundary (GIT_DISCOVERY_ACROSS_FILESYSTEM not set).
2024-06-21 14:48:32.473 [info] > git rev-parse --show-toplevel [1ms]
2024-06-21 14:48:32.473 [info] fatal: not a git repository (or any parent up to mount point /)
Stopping at filesystem boundary (GIT_DISCOVERY_ACROSS_FILESYSTEM not set).
